Using pre-set license
Built from '2020.3/staging' branch; Version is '2020.3.3f1 (76626098c1c4) revision 7758432'; Using compiler version '192528614'; Build Type 'Release'
OS: 'Windows 10 Home; OS build 19042.1052; Version 2009; 64bit' Language: 'en' Physical Memory: 8073 MB
BatchMode: 1, IsHumanControllingUs: 0, StartBugReporterOnCrash: 0, Is64bit: 1, IsPro: 0

 COMMAND LINE ARGUMENTS:
C:\Program Files\Unity\Hub\Editor\2020.3.3f1\Editor\Unity.exe
-adb2
-batchMode
-noUpm
-name
AssetImportWorker0
-projectPath
C:/Users/gtsatiris/Documents/Unity_Projects/AR_Bot_Proj
-logFile
Logs/AssetImportWorker0.log
-srvPort
60924
Successfully changed project path to: C:/Users/gtsatiris/Documents/Unity_Projects/AR_Bot_Proj
C:/Users/gtsatiris/Documents/Unity_Projects/AR_Bot_Proj
Using Asset Import Pipeline V2.
Refreshing native plugins compatible for Editor in 35.35 ms, found 0 plugins.
Preloading 0 native plugins for Editor in 0.00 ms.
Initialize engine version: 2020.3.3f1 (76626098c1c4)
[Subsystems] Discovering subsystems at path C:/Program Files/Unity/Hub/Editor/2020.3.3f1/Editor/Data/Resources/UnitySubsystems
[Subsystems] Discovering subsystems at path C:/Users/gtsatiris/Documents/Unity_Projects/AR_Bot_Proj/Assets
GfxDevice: creating device client; threaded=0
Direct3D:
    Version:  Direct3D 11.0 [level 11.1]
    Renderer: Intel(R) HD Graphics 620 (ID=0x5916)
    Vendor:   
    VRAM:     4036 MB
    Driver:   26.20.100.7325
Initialize mono
Mono path[0] = 'C:/Program Files/Unity/Hub/Editor/2020.3.3f1/Editor/Data/Managed'
Mono path[1] = 'C:/Program Files/Unity/Hub/Editor/2020.3.3f1/Editor/Data/MonoBleedingEdge/lib/mono/unityjit'
Mono config path = 'C:/Program Files/Unity/Hub/Editor/2020.3.3f1/Editor/Data/MonoBleedingEdge/etc'
Using monoOptions --debugger-agent=transport=dt_socket,embedding=1,server=y,suspend=n,address=127.0.0.1:56600
Begin MonoManager ReloadAssembly
Registering precompiled unity dll's ...
Register platform support module: C:/Program Files/Unity/Hub/Editor/2020.3.3f1/Editor/Data/PlaybackEngines/WindowsStandaloneSupport/UnityEditor.WindowsStandalone.Extensions.dll
Registered in 0.002439 seconds.
Native extension for WindowsStandalone target not found
Refreshing native plugins compatible for Editor in 33.45 ms, found 0 plugins.
Preloading 0 native plugins for Editor in 0.00 ms.
Invoked RoslynAnalysisRunner static constructor.
RoslynAnalysisRunner will not be running.
RoslynAnalysisRunner has terminated.
Mono: successfully reloaded assembly
- Completed reload, in  3.184 seconds
Platform modules already initialized, skipping
Registering precompiled user dll's ...
Registered in 0.000909 seconds.
Begin MonoManager ReloadAssembly
Native extension for WindowsStandalone target not found
Refreshing native plugins compatible for Editor in 0.34 ms, found 0 plugins.
Preloading 0 native plugins for Editor in 0.00 ms.
Invoked RoslynAnalysisRunner static constructor.
RoslynAnalysisRunner will not be running.
RoslynAnalysisRunner has terminated.
Mono: successfully reloaded assembly
- Completed reload, in  1.146 seconds
Platform modules already initialized, skipping
========================================================================
Worker process is ready to serve import requests
Launched and connected shader compiler UnityShaderCompiler.exe after 0.06 seconds
Refreshing native plugins compatible for Editor in 0.31 ms, found 0 plugins.
Preloading 0 native plugins for Editor in 0.00 ms.
Unloading 1453 Unused Serialized files (Serialized files now loaded: 0)
System memory in use before: 68.9 MB.
System memory in use after: 69.0 MB.

Unloading 12 unused Assets to reduce memory usage. Loaded Objects now: 1895.
Total: 2.195100 ms (FindLiveObjects: 0.190200 ms CreateObjectMapping: 0.058100 ms MarkObjects: 1.851000 ms  DeleteObjects: 0.094400 ms)

========================================================================
Received Import Request.
  path: Assets/Scenes/LevelSetup.unity
  artifactKey: Guid(cfdbef54a99b328429755f273473fbf7) Importer(815301076,1909f56bfc062723c751e8b465ee728b)
Start importing Assets/Scenes/LevelSetup.unity using Guid(cfdbef54a99b328429755f273473fbf7) Importer(815301076,1909f56bfc062723c751e8b465ee728b)  -> (artifact id: 'aa0b578fc082e9db7d0e69c29544d42d') in 0.080281 seconds
  Import took 0.111120 seconds .

========================================================================
Received Import Request.
  Time since last request: 116.925619 seconds.
  path: Assets/Scenes/LevelSetup.unity
  artifactKey: Guid(cfdbef54a99b328429755f273473fbf7) Importer(815301076,1909f56bfc062723c751e8b465ee728b)
Start importing Assets/Scenes/LevelSetup.unity using Guid(cfdbef54a99b328429755f273473fbf7) Importer(815301076,1909f56bfc062723c751e8b465ee728b)  -> (artifact id: 'aa0b578fc082e9db7d0e69c29544d42d') in 0.003645 seconds
  Import took 0.134397 seconds .

========================================================================
Received Import Request.
  Time since last request: 854.637365 seconds.
  path: Assets/XR/XRGeneralSettings.asset
  artifactKey: Guid(691fd715ac5a4e348897f233f2eed9d4) Importer(815301076,1909f56bfc062723c751e8b465ee728b)
Start importing Assets/XR/XRGeneralSettings.asset using Guid(691fd715ac5a4e348897f233f2eed9d4) Importer(815301076,1909f56bfc062723c751e8b465ee728b)  -> (artifact id: 'ab3ec24debd3ffcfbac6976d8ae94896') in 0.175655 seconds
  Import took 0.204041 seconds .

========================================================================
Received Import Request.
  Time since last request: 0.000276 seconds.
  path: Assets/Images/Background.jpg
  artifactKey: Guid(4a197f0801f459948a29ffee728e23f5) Importer(815301076,1909f56bfc062723c751e8b465ee728b)
Start importing Assets/Images/Background.jpg using Guid(4a197f0801f459948a29ffee728e23f5) Importer(815301076,1909f56bfc062723c751e8b465ee728b)  -> (artifact id: '6149c52e2f4a74b37bee0a6f905c6034') in 0.664122 seconds
  Import took 0.704870 seconds .

========================================================================
Received Import Request.
  Time since last request: 0.000397 seconds.
  path: Assets/XR/XRGeneralSettings.asset
  artifactKey: Guid(691fd715ac5a4e348897f233f2eed9d4) Importer(815301076,1909f56bfc062723c751e8b465ee728b)
Start importing Assets/XR/XRGeneralSettings.asset using Guid(691fd715ac5a4e348897f233f2eed9d4) Importer(815301076,1909f56bfc062723c751e8b465ee728b)  -> (artifact id: 'ab3ec24debd3ffcfbac6976d8ae94896') in 0.003903 seconds
  Import took 0.006750 seconds .

========================================================================
Received Import Request.
  Time since last request: 0.000302 seconds.
  path: Assets/XR/Settings/AR Core Loader Settings.asset
  artifactKey: Guid(848f874653894c04eaf087b04b3a1f27) Importer(815301076,1909f56bfc062723c751e8b465ee728b)
Start importing Assets/XR/Settings/AR Core Loader Settings.asset using Guid(848f874653894c04eaf087b04b3a1f27) Importer(815301076,1909f56bfc062723c751e8b465ee728b)  -> (artifact id: 'ff178cb275416b9d8d465dd5231aab29') in 0.004039 seconds
  Import took 0.008476 seconds .

========================================================================
Received Import Request.
  Time since last request: 0.000352 seconds.
  path: Assets/XR/Loaders/AR Core Loader.asset
  artifactKey: Guid(912f90d87af5c334aba8f9cc2b7a0e71) Importer(815301076,1909f56bfc062723c751e8b465ee728b)
Start importing Assets/XR/Loaders/AR Core Loader.asset using Guid(912f90d87af5c334aba8f9cc2b7a0e71) Importer(815301076,1909f56bfc062723c751e8b465ee728b)  -> (artifact id: 'd7b1474068f6bf0bc8a56d8b1ba5ecfe') in 0.024828 seconds
  Import took 0.029623 seconds .

========================================================================
Received Import Request.
  Time since last request: 0.000295 seconds.
  path: Assets/XR/Settings/AR Core Settings.asset
  artifactKey: Guid(1c5065445802f02468e147a879a455b2) Importer(815301076,1909f56bfc062723c751e8b465ee728b)
Start importing Assets/XR/Settings/AR Core Settings.asset using Guid(1c5065445802f02468e147a879a455b2) Importer(815301076,1909f56bfc062723c751e8b465ee728b)  -> (artifact id: 'd11f0e7622782c23dd8606ff8a5d8ba7') in 0.009694 seconds
  Import took 0.039170 seconds .

========================================================================
Received Import Request.
  Time since last request: 132.363084 seconds.
  path: Assets/Scenes/LevelSetup.unity
  artifactKey: Guid(cfdbef54a99b328429755f273473fbf7) Importer(815301076,1909f56bfc062723c751e8b465ee728b)
Start importing Assets/Scenes/LevelSetup.unity using Guid(cfdbef54a99b328429755f273473fbf7) Importer(815301076,1909f56bfc062723c751e8b465ee728b)  -> (artifact id: 'd6ae9254665810d83eecc06112b29a0c') in 0.004419 seconds
  Import took 0.008139 seconds .

========================================================================
Received Import Request.
  Time since last request: 412.903129 seconds.
  path: Assets/Scenes/ObserveGame.unity
  artifactKey: Guid(7fb8c04cbd27b0444b778bbcc25d1314) Importer(815301076,1909f56bfc062723c751e8b465ee728b)
Start importing Assets/Scenes/ObserveGame.unity using Guid(7fb8c04cbd27b0444b778bbcc25d1314) Importer(815301076,1909f56bfc062723c751e8b465ee728b)  -> (artifact id: '85c0c39021e7b20290186aa49ab86cc9') in 0.037789 seconds
  Import took 0.120619 seconds .

========================================================================
Received Import Request.
  Time since last request: 19.917611 seconds.
  path: Assets/Scenes/LevelSetup.unity
  artifactKey: Guid(cfdbef54a99b328429755f273473fbf7) Importer(815301076,1909f56bfc062723c751e8b465ee728b)
Start importing Assets/Scenes/LevelSetup.unity using Guid(cfdbef54a99b328429755f273473fbf7) Importer(815301076,1909f56bfc062723c751e8b465ee728b)  -> (artifact id: '2d9170cbfece0672e78ab7268290d78c') in 0.004544 seconds
  Import took 0.055302 seconds .

========================================================================
Received Import Request.
  Time since last request: 355.608415 seconds.
  path: Assets/Scenes/ObserveGame.unity
  artifactKey: Guid(7fb8c04cbd27b0444b778bbcc25d1314) Importer(815301076,1909f56bfc062723c751e8b465ee728b)
Start importing Assets/Scenes/ObserveGame.unity using Guid(7fb8c04cbd27b0444b778bbcc25d1314) Importer(815301076,1909f56bfc062723c751e8b465ee728b)  -> (artifact id: '48220dd383a426217b71adaccfe8d843') in 0.004859 seconds
  Import took 0.025539 seconds .

========================================================================
Received Import Request.
  Time since last request: 54.198528 seconds.
  path: Assets/Scenes/ObserveGame.unity
  artifactKey: Guid(7fb8c04cbd27b0444b778bbcc25d1314) Importer(815301076,1909f56bfc062723c751e8b465ee728b)
Start importing Assets/Scenes/ObserveGame.unity using Guid(7fb8c04cbd27b0444b778bbcc25d1314) Importer(815301076,1909f56bfc062723c751e8b465ee728b)  -> (artifact id: 'f607f474bccfc398e6a7a546f39e345f') in 0.004983 seconds
  Import took 0.027389 seconds .

========================================================================
Received Import Request.
  Time since last request: 655.948418 seconds.
  path: Assets/Scenes/ObserveGame.unity
  artifactKey: Guid(7fb8c04cbd27b0444b778bbcc25d1314) Importer(815301076,1909f56bfc062723c751e8b465ee728b)
Start importing Assets/Scenes/ObserveGame.unity using Guid(7fb8c04cbd27b0444b778bbcc25d1314) Importer(815301076,1909f56bfc062723c751e8b465ee728b)  -> (artifact id: 'ead6b5ca67cabe4cc5112190c9261ba0') in 0.004718 seconds
  Import took 0.008408 seconds .

AssetImportWorkerClient::OnTransportError - code=2 error=End of file
